# JRE version: OpenJDK Runtime Environment Temurin-21.0.3+9 (21.0.3+9) (build 21.0.3+9-LTS)
# Java VM: OpenJDK 64-Bit Server VM Temurin-21.0.3+9 (21.0.3+9-LTS, mixed mode, tiered, compressed oops, compressed class ptrs, g1 gc, windows-amd64)
GC Precious Log:
 CardTable entry size: 512
 Card Set container configuration: InlinePtr #cards 5 size 8 Array Of Cards #cards 12 size 40 Howl #buckets 4 coarsen threshold 1843 Howl Bitmap #cards 512 size 80 coarsen threshold 460 Card regions per heap region 1 cards per card region 2048
 CPUs: 8 total, 8 available
 Memory: 7998M
 Large Page Support: Disabled
 NUMA Support: Disabled
 Compressed Oops: Enabled (32-bit)
 Heap Region Size: 1M
 Heap Min Capacity: 8M
 Heap Initial Capacity: 126M
 Heap Max Capacity: 2000M
 Pre-touch: Disabled
 Parallel Workers: 8
 Concurrent Workers: 2
 Concurrent Refinement Workers: 8
 Periodic GC: Disabled
Heap:
 garbage-first heap   total 109568K, used 48766K [0x0000000083000000, 0x0000000100000000)
  region size 1024K, 12 young (12288K), 6 survivors (6144K)
 Metaspace       used 105839K, committed 108416K, reserved 1179648K
  class space    used 12855K, committed 13632K, reserved 1048576K
GC Heap History (20 events):
Event: 2334.807 GC heap before
{Heap before GC invocations=114 (full 15):
 garbage-first heap   total 184320K, used 162812K [0x0000000083000000, 0x0000000100000000)
  region size 1024K, 63 young (64512K), 8 survivors (8192K)
 Metaspace       used 108141K, committed 109312K, reserved 1179648K
  class space    used 13084K, committed 13632K, reserved 1048576K
}
Event: 2334.812 GC heap after
{Heap after GC invocations=115 (full 15):
 garbage-first heap   total 184320K, used 107454K [0x0000000083000000, 0x0000000100000000)
  region size 1024K, 6 young (6144K), 6 survivors (6144K)
 Metaspace       used 108141K, committed 109312K, reserved 1179648K
  class space    used 13084K, committed 13632K, reserved 1048576K
}
Event: 3596.892 GC heap before
{Heap before GC invocations=115 (full 15):
 garbage-first heap   total 184320K, used 165822K [0x0000000083000000, 0x0000000100000000)
  region size 1024K, 63 young (64512K), 6 survivors (6144K)
 Metaspace       used 108225K, committed 109376K, reserved 1179648K
  class space    used 13085K, committed 13632K, reserved 1048576K
}
Event: 3596.897 GC heap after
{Heap after GC invocations=116 (full 15):
 garbage-first heap   total 184320K, used 107689K [0x0000000083000000, 0x0000000100000000)
  region size 1024K, 3 young (3072K), 3 survivors (3072K)
 Metaspace       used 108225K, committed 109376K, reserved 1179648K
  class space    used 13085K, committed 13632K, reserved 1048576K
}
Event: 5037.083 GC heap before
{Heap before GC invocations=117 (full 15):
 garbage-first heap   total 186368K, used 168105K [0x0000000083000000, 0x0000000100000000)
  region size 1024K, 62 young (63488K), 3 survivors (3072K)
 Metaspace       used 107820K, committed 109376K, reserved 1179648K
  class space    used 12967K, committed 13632K, reserved 1048576K
}
Event: 5037.091 GC heap after
{Heap after GC invocations=118 (full 15):
 garbage-first heap   total 186368K, used 107439K [0x0000000083000000, 0x0000000100000000)
  region size 1024K, 3 young (3072K), 3 survivors (3072K)
 Metaspace       used 107820K, committed 109376K, reserved 1179648K
  class space    used 12967K, committed 13632K, reserved 1048576K
}
Event: 6248.581 GC heap before
{Heap before GC invocations=118 (full 15):
 garbage-first heap   total 186368K, used 164783K [0x0000000083000000, 0x0000000100000000)
  region size 1024K, 61 young (62464K), 3 survivors (3072K)
 Metaspace       used 107988K, committed 109568K, reserved 1179648K
  class space    used 12969K, committed 13632K, reserved 1048576K
}
Event: 6248.678 GC heap after
{Heap after GC invocations=119 (full 16):
 garbage-first heap   total 109568K, used 31094K [0x0000000083000000, 0x0000000100000000)
  region size 1024K, 0 young (0K), 0 survivors (0K)
 Metaspace       used 104622K, committed 108352K, reserved 1179648K
  class space    used 12723K, committed 13632K, reserved 1048576K
}
Event: 6251.697 GC heap before
{Heap before GC invocations=119 (full 16):
 garbage-first heap   total 109568K, used 95606K [0x0000000083000000, 0x0000000100000000)
  region size 1024K, 64 young (65536K), 0 survivors (0K)
 Metaspace       used 104835K, committed 108352K, reserved 1179648K
  class space    used 12764K, committed 13632K, reserved 1048576K
}
Event: 6251.702 GC heap after
{Heap after GC invocations=120 (full 16):
 garbage-first heap   total 109568K, used 36954K [0x0000000083000000, 0x0000000100000000)
  region size 1024K, 6 young (6144K), 6 survivors (6144K)
 Metaspace       used 104835K, committed 108352K, reserved 1179648K
  class space    used 12764K, committed 13632K, reserved 1048576K
}
Event: 6253.819 GC heap before
{Heap before GC invocations=121 (full 16):
 garbage-first heap   total 109568K, used 94298K [0x0000000083000000, 0x0000000100000000)
  region size 1024K, 63 young (64512K), 6 survivors (6144K)
 Metaspace       used 105229K, committed 108416K, reserved 1179648K
  class space    used 12805K, committed 13632K, reserved 1048576K
}
Event: 6253.828 GC heap after
{Heap after GC invocations=122 (full 16):
 garbage-first heap   total 109568K, used 42243K [0x0000000083000000, 0x0000000100000000)
  region size 1024K, 6 young (6144K), 6 survivors (6144K)
 Metaspace       used 105229K, committed 108416K, reserved 1179648K
  class space    used 12805K, committed 13632K, reserved 1048576K
}
Event: 6293.247 GC heap before
{Heap before GC invocations=122 (full 16):
 garbage-first heap   total 109568K, used 86275K [0x0000000083000000, 0x0000000100000000)
  region size 1024K, 50 young (51200K), 6 survivors (6144K)
 Metaspace       used 105385K, committed 108416K, reserved 1179648K
  class space    used 12824K, committed 13632K, reserved 1048576K
}
Event: 6293.353 GC heap after
{Heap after GC invocations=123 (full 17):
 garbage-first heap   total 109568K, used 34711K [0x0000000083000000, 0x0000000100000000)
  region size 1024K, 0 young (0K), 0 survivors (0K)
 Metaspace       used 104971K, committed 108352K, reserved 1179648K
  class space    used 12777K, committed 13632K, reserved 1048576K
}
Event: 6294.225 GC heap before
{Heap before GC invocations=123 (full 17):
 garbage-first heap   total 109568K, used 93079K [0x0000000083000000, 0x0000000100000000)
  region size 1024K, 58 young (59392K), 0 survivors (0K)
 Metaspace       used 105074K, committed 108352K, reserved 1179648K
  class space    used 12785K, committed 13632K, reserved 1048576K
}
Event: 6294.229 GC heap after
{Heap after GC invocations=124 (full 17):
 garbage-first heap   total 109568K, used 39326K [0x0000000083000000, 0x0000000100000000)
  region size 1024K, 5 young (5120K), 5 survivors (5120K)
 Metaspace       used 105074K, committed 108352K, reserved 1179648K
  class space    used 12785K, committed 13632K, reserved 1048576K
}
Event: 6296.384 GC heap before
{Heap before GC invocations=125 (full 17):
 garbage-first heap   total 109568K, used 93598K [0x0000000083000000, 0x0000000100000000)
  region size 1024K, 59 young (60416K), 5 survivors (5120K)
 Metaspace       used 105360K, committed 108352K, reserved 1179648K
  class space    used 12800K, committed 13632K, reserved 1048576K
}
Event: 6296.389 GC heap after
{Heap after GC invocations=126 (full 17):
 garbage-first heap   total 109568K, used 42202K [0x0000000083000000, 0x0000000100000000)
  region size 1024K, 8 young (8192K), 8 survivors (8192K)
 Metaspace       used 105360K, committed 108352K, reserved 1179648K
  class space    used 12800K, committed 13632K, reserved 1048576K
}
Event: 6441.863 GC heap before
{Heap before GC invocations=126 (full 17):
 garbage-first heap   total 109568K, used 91354K [0x0000000083000000, 0x0000000100000000)
  region size 1024K, 56 young (57344K), 8 survivors (8192K)
 Metaspace       used 105784K, committed 108416K, reserved 1179648K
  class space    used 12853K, committed 13632K, reserved 1048576K
}
Event: 6441.869 GC heap after
{Heap after GC invocations=127 (full 17):
 garbage-first heap   total 109568K, used 43646K [0x0000000083000000, 0x0000000100000000)
  region size 1024K, 6 young (6144K), 6 survivors (6144K)
 Metaspace       used 105784K, committed 108416K, reserved 1179648K
  class space    used 12853K, committed 13632K, reserved 1048576K
}

